<?xml version="1.0" encoding="UTF-8"?>
<!-- Generated by org.testng.reporters.JUnitXMLReporter -->
<testsuite ignored="0" hostname="LAPTOP-IOBU0KIJ" failures="8" tests="31" name="chrometest" time="176.749" errors="0" timestamp="2024-09-09T20:55:22 AEST">
  <testcase classname="testCases.TC001_VerifyLoginFunctionalityWithAcceptedUsernamesAndPassword" name="loginTestWithAcceptedUserNamesAndPassword" time="3.252"/>
  <testcase classname="testCases.TC001_VerifyLoginFunctionalityWithAcceptedUsernamesAndPassword" name="loginTestWithAcceptedUserNamesAndPassword" time="12.873">
    <failure type="java.lang.AssertionError" message="The following asserts failed:
	Login failed! URL mismatch for user: locked_out_user expected [https://www.saucedemo.com/inventory.html] but found [https://www.saucedemo.com/],
	Test encountered an exception for user: locked_out_user - no such element: Unable to locate element: {&amp;quot;method&amp;quot;:&amp;quot;css selector&amp;quot;,&amp;quot;selector&amp;quot;:&amp;quot;#react\-burger\-menu\-btn&amp;quot;}
  (Session info: chrome=128.0.6613.120)
For documentation on this error, please visit: https://www.selenium.dev/documentation/webdriver/troubleshooting/errors#no-such-element-exception
Build info: version: &amp;apos;4.20.0&amp;apos;, revision: &amp;apos;866c76ca80&amp;apos;
System info: os.name: &amp;apos;Windows 10&amp;apos;, os.arch: &amp;apos;amd64&amp;apos;, os.version: &amp;apos;10.0&amp;apos;, java.version: &amp;apos;15.0.2&amp;apos;
Driver info: org.openqa.selenium.chrome.ChromeDriver
Command: [a31f29a23562f8cf653dcda89fd39306, findElement {value=react-burger-menu-btn, using=id}]
Capabilities {acceptInsecureCerts: false, browserName: chrome, browserVersion: 128.0.6613.120, chrome: {chromedriverVersion: 128.0.6613.119 (6e439cfca4d..., userDataDir: C:\Users\61434\AppData\Loca...}, fedcm:accounts: true, goog:chromeOptions: {debuggerAddress: localhost:55543}, networkConnectionEnabled: false, pageLoadStrategy: normal, platformName: windows, proxy: Proxy(), se:cdp: ws://localhost:55543/devtoo..., se:cdpVersion: 128.0.6613.120, setWindowRect: true, strictFileInteractability: false, timeouts: {implicit: 0, pageLoad: 300000, script: 30000}, unhandledPromptBehavior: dismiss and notify, webauthn:extension:credBlob: true, webauthn:extension:largeBlob: true, webauthn:extension:minPinLength: true, webauthn:extension:prf: true, webauthn:virtualAuthenticators: true}
Session ID: a31f29a23562f8cf653dcda89fd39306">
      <![CDATA[java.lang.AssertionError: The following asserts failed:
Login failed! URL mismatch for user: locked_out_user expected [https://www.saucedemo.com/inventory.html] but found [https://www.saucedemo.com/],
Test encountered an exception for user: locked_out_user - no such element: Unable to locate element: {"method":"css selector","selector":"#react\-burger\-menu\-btn"}
  (Session info: chrome=128.0.6613.120)
For documentation on this error, please visit: https://www.selenium.dev/documentation/webdriver/troubleshooting/errors#no-such-element-exception
Build info: version: '4.20.0', revision: '866c76ca80'
System info: os.name: 'Windows 10', os.arch: 'amd64', os.version: '10.0', java.version: '15.0.2'
Driver info: org.openqa.selenium.chrome.ChromeDriver
Command: [a31f29a23562f8cf653dcda89fd39306, findElement {value=react-burger-menu-btn, using=id}]
Capabilities {acceptInsecureCerts: false, browserName: chrome, browserVersion: 128.0.6613.120, chrome: {chromedriverVersion: 128.0.6613.119 (6e439cfca4d..., userDataDir: C:\Users\61434\AppData\Loca...}, fedcm:accounts: true, goog:chromeOptions: {debuggerAddress: localhost:55543}, networkConnectionEnabled: false, pageLoadStrategy: normal, platformName: windows, proxy: Proxy(), se:cdp: ws://localhost:55543/devtoo..., se:cdpVersion: 128.0.6613.120, setWindowRect: true, strictFileInteractability: false, timeouts: {implicit: 0, pageLoad: 300000, script: 30000}, unhandledPromptBehavior: dismiss and notify, webauthn:extension:credBlob: true, webauthn:extension:largeBlob: true, webauthn:extension:minPinLength: true, webauthn:extension:prf: true, webauthn:virtualAuthenticators: true}
Session ID: a31f29a23562f8cf653dcda89fd39306
at testCases.TC001_VerifyLoginFunctionalityWithAcceptedUsernamesAndPassword.loginTestWithAcceptedUserNamesAndPassword(TC001_VerifyLoginFunctionalityWithAcceptedUsernamesAndPassword.java:78)
at java.base/java.util.ArrayList.forEach(ArrayList.java:1511)
... Removed 33 stack frames]]>
    </failure>
  </testcase> <!-- loginTestWithAcceptedUserNamesAndPassword -->
  <testcase classname="testCases.TC001_VerifyLoginFunctionalityWithAcceptedUsernamesAndPassword" name="loginTestWithAcceptedUserNamesAndPassword" time="2.898"/>
  <testcase classname="testCases.TC001_VerifyLoginFunctionalityWithAcceptedUsernamesAndPassword" name="loginTestWithAcceptedUserNamesAndPassword" time="7.765"/>
  <testcase classname="testCases.TC001_VerifyLoginFunctionalityWithAcceptedUsernamesAndPassword" name="loginTestWithAcceptedUserNamesAndPassword" time="2.724"/>
  <testcase classname="testCases.TC001_VerifyLoginFunctionalityWithAcceptedUsernamesAndPassword" name="loginTestWithAcceptedUserNamesAndPassword" time="2.815"/>
  <testcase classname="testCases.TC002_VerifyLoginFunctionalityWithValidUserNamesAndInvalidPassword" name="testLoginWithValidUserNamesAndInvalidPassword" time="2.687"/>
  <testcase classname="testCases.TC003_VerifyLoginFunctionalityWithInvalidUserNameAndValidPassword" name="testLoginWithInvalidUserNameAndValidPassword" time="2.674"/>
  <testcase classname="testCases.TC004_VerifyLoginFunctionalityWithInvalidUserNameAndInvalidPassword" name="testLoginWithInvalidUserNameAndInvalidPassword" time="2.571"/>
  <testcase classname="testCases.TC005_VerifyErrorMessageWhenLoginWithBlankUsernameAndPassword" name="loginTestWithBlankUsernameAndValidPassword" time="0.509"/>
  <testcase classname="testCases.TC006_VerifySortFunctionIsAvailable" name="verifySortFunctionIsAvailable" time="1.062"/>
  <testcase classname="testCases.TC006_VerifySortFunctionIsAvailable" name="verifySortFunctionIsAvailable" time="0.614"/>
  <testcase classname="testCases.TC007_VerifySortByNameAtoZ" name="verifySortByNameAtoZ" time="11.215"/>
  <testcase classname="testCases.TC007_VerifySortByNameAtoZ" name="verifySortByNameAtoZ" time="10.865"/>
  <testcase classname="testCases.TC008_VerifySortByNameZtoA" name="verifySortByNameZtoA" time="11.22"/>
  <testcase classname="testCases.TC008_VerifySortByNameZtoA" name="verifySortByNameZtoA" time="11.018"/>
  <testcase classname="testCases.TC009_VerifySortByPriceLowToHigh" name="verifySortByPriceLowToHigh" time="1.262"/>
  <testcase classname="testCases.TC009_VerifySortByPriceLowToHigh" name="verifySortByPriceLowToHigh" time="0.488">
    <failure type="java.lang.AssertionError" message="Products are not sorted by price from Low to High for problem_user: Lists differ at element [0]: 7.99 != 29.99 expected [7.99] but found [29.99]">
      <![CDATA[java.lang.AssertionError: Products are not sorted by price from Low to High for problem_user: Lists differ at element [0]: 7.99 != 29.99 expected [7.99] but found [29.99]
at testCases.TC009_VerifySortByPriceLowToHigh.verifySortByPriceLowToHigh(TC009_VerifySortByPriceLowToHigh.java:53)
at java.base/java.util.ArrayList.forEach(ArrayList.java:1511)
... Removed 35 stack frames]]>
    </failure>
  </testcase> <!-- verifySortByPriceLowToHigh -->
  <testcase classname="testCases.TC010_VerifySortByPriceHighToLow" name="verifySortByPriceHighToLow" time="1.235"/>
  <testcase classname="testCases.TC010_VerifySortByPriceHighToLow" name="verifySortByPriceHighToLow" time="0.494">
    <failure type="java.lang.AssertionError" message="Products are not sorted by price from High To Low for user problem_user: Lists differ at element [0]: 49.99 != 29.99 expected [49.99] but found [29.99]">
      <![CDATA[java.lang.AssertionError: Products are not sorted by price from High To Low for user problem_user: Lists differ at element [0]: 49.99 != 29.99 expected [49.99] but found [29.99]
at testCases.TC010_VerifySortByPriceHighToLow.verifySortByPriceHighToLow(TC010_VerifySortByPriceHighToLow.java:51)
at java.base/java.util.ArrayList.forEach(ArrayList.java:1511)
... Removed 35 stack frames]]>
    </failure>
  </testcase> <!-- verifySortByPriceHighToLow -->
  <testcase classname="testCases.TC011_VerifyUniqueImagesForProductsForDifferentUsers" name="verifyUniqueImagesForProducts" time="1.091"/>
  <testcase classname="testCases.TC011_VerifyUniqueImagesForProductsForDifferentUsers" name="verifyUniqueImagesForProducts" time="0.383"/>
  <testcase classname="testCases.TC011_VerifyUniqueImagesForProductsForDifferentUsers" name="verifyUniqueImagesForProducts" time="0.409">
    <failure type="java.lang.AssertionError" message="Duplicate product images found! Some products share the same image for user &amp;apos;problem_user&amp;apos; expected [6] but found [1]">
      <![CDATA[java.lang.AssertionError: Duplicate product images found! Some products share the same image for user 'problem_user' expected [6] but found [1]
at testCases.TC011_VerifyUniqueImagesForProductsForDifferentUsers.verifyUniqueImagesForProducts(TC011_VerifyUniqueImagesForProductsForDifferentUsers.java:54)
at java.base/java.util.ArrayList.forEach(ArrayList.java:1511)
... Removed 37 stack frames]]>
    </failure>
  </testcase> <!-- verifyUniqueImagesForProducts -->
  <testcase classname="testCases.TC012_VerifyUsersCanAddAllProductsToCart" name="verifyUsersCanAddAllProductsToCart" time="1.673"/>
  <testcase classname="testCases.TC012_VerifyUsersCanAddAllProductsToCart" name="verifyUsersCanAddAllProductsToCart" time="0.496">
    <failure type="java.lang.AssertionError" message="Login failed! URL mismatch for user: locked_out_user expected [https://www.saucedemo.com/inventory.html] but found [https://www.saucedemo.com/]">
      <![CDATA[java.lang.AssertionError: Login failed! URL mismatch for user: locked_out_user expected [https://www.saucedemo.com/inventory.html] but found [https://www.saucedemo.com/]
at testCases.TC012_VerifyUsersCanAddAllProductsToCart.verifyUsersCanAddAllProductsToCart(TC012_VerifyUsersCanAddAllProductsToCart.java:33)
at java.base/java.util.ArrayList.forEach(ArrayList.java:1511)
... Removed 36 stack frames]]>
    </failure>
  </testcase> <!-- verifyUsersCanAddAllProductsToCart -->
  <testcase classname="testCases.TC012_VerifyUsersCanAddAllProductsToCart" name="verifyUsersCanAddAllProductsToCart" time="0.806">
    <failure type="java.lang.AssertionError" message="The number of products added to the cart does not match the total number of products. expected [6] but found [3]">
      <![CDATA[java.lang.AssertionError: The number of products added to the cart does not match the total number of products. expected [6] but found [3]
at testCases.TC012_VerifyUsersCanAddAllProductsToCart.verifyUsersCanAddAllProductsToCart(TC012_VerifyUsersCanAddAllProductsToCart.java:46)
at java.base/java.util.ArrayList.forEach(ArrayList.java:1511)
... Removed 37 stack frames]]>
    </failure>
  </testcase> <!-- verifyUsersCanAddAllProductsToCart -->
  <testcase classname="testCases.TC013_VerifyRemovingItemsAddedToCartForDifferentUsers" name="VerifyRemovingItemsAddedToCartForDifferentUsers" time="11.978"/>
  <testcase classname="testCases.TC013_VerifyRemovingItemsAddedToCartForDifferentUsers" name="VerifyRemovingItemsAddedToCartForDifferentUsers" time="0.536">
    <failure type="java.lang.AssertionError" message="Login failed! URL mismatch for user: locked_out_user expected [https://www.saucedemo.com/inventory.html] but found [https://www.saucedemo.com/]">
      <![CDATA[java.lang.AssertionError: Login failed! URL mismatch for user: locked_out_user expected [https://www.saucedemo.com/inventory.html] but found [https://www.saucedemo.com/]
at testCases.TC013_VerifyRemovingItemsAddedToCartForDifferentUsers.VerifyRemovingItemsAddedToCartForDifferentUsers(TC013_VerifyRemovingItemsAddedToCartForDifferentUsers.java:33)
at java.base/java.util.ArrayList.forEach(ArrayList.java:1511)
... Removed 36 stack frames]]>
    </failure>
  </testcase> <!-- VerifyRemovingItemsAddedToCartForDifferentUsers -->
  <testcase classname="testCases.TC013_VerifyRemovingItemsAddedToCartForDifferentUsers" name="VerifyRemovingItemsAddedToCartForDifferentUsers" time="1.069">
    <failure type="java.lang.AssertionError" message="Unable to remove all items from cart for user problem_user expected [0] but found [3]">
      <![CDATA[java.lang.AssertionError: Unable to remove all items from cart for user problem_user expected [0] but found [3]
at testCases.TC013_VerifyRemovingItemsAddedToCartForDifferentUsers.VerifyRemovingItemsAddedToCartForDifferentUsers(TC013_VerifyRemovingItemsAddedToCartForDifferentUsers.java:43)
at java.base/java.util.ArrayList.forEach(ArrayList.java:1511)
... Removed 37 stack frames]]>
    </failure>
  </testcase> <!-- VerifyRemovingItemsAddedToCartForDifferentUsers -->
  <testcase classname="testCases.TC014_VerifyCheckoutFeatureForDifferentUsers" name="verifyCheckoutFeatureForDifferentUsers" time="1.814"/>
  <testcase classname="testCases.TC014_VerifyCheckoutFeatureForDifferentUsers" name="verifyCheckoutFeatureForDifferentUsers" time="11.197"/>
</testsuite> <!-- chrometest -->
