<?xml version="1.0" encoding="UTF-8"?>
<testng-results ignored="0" total="31" passed="23" failed="8" skipped="0">
  <reporter-output>
  </reporter-output>
  <suite started-at="2024-09-09T20:52:24 AEST" name="Suite" finished-at="2024-09-09T20:55:21 AEST" duration-ms="176749">
    <groups>
    </groups>
    <test started-at="2024-09-09T20:52:24 AEST" name="chrometest" finished-at="2024-09-09T20:55:21 AEST" duration-ms="176749">
      <class name="testCases.TC007_VerifySortByNameAtoZ">
        <test-method is-config="true" signature="setup(java.lang.String)[pri:0, instance:testCases.TC007_VerifySortByNameAtoZ@5d5f10b2]" started-at="2024-09-09T20:53:32 AEST" name="setup" finished-at="2024-09-09T20:53:35 AEST" duration-ms="2716" status="PASS">
          <params>
            <param index="0">
              <value>
                <![CDATA[chrome]]>
              </value>
            </param>
          </params>
          <reporter-output>
          </reporter-output>
        </test-method> <!-- setup -->
        <test-method signature="verifySortByNameAtoZ(java.lang.String,java.lang.String)[pri:0, instance:testCases.TC007_VerifySortByNameAtoZ@5d5f10b2]" started-at="2024-09-09T20:53:35 AEST" name="verifySortByNameAtoZ" data-provider="LoginData" finished-at="2024-09-09T20:53:46 AEST" duration-ms="11215" status="PASS">
          <params>
            <param index="0">
              <value>
                <![CDATA[standard_user]]>
              </value>
            </param>
            <param index="1">
              <value>
                <![CDATA[secret_sauce]]>
              </value>
            </param>
          </params>
          <reporter-output>
          </reporter-output>
        </test-method> <!-- verifySortByNameAtoZ -->
        <test-method signature="verifySortByNameAtoZ(java.lang.String,java.lang.String)[pri:0, instance:testCases.TC007_VerifySortByNameAtoZ@5d5f10b2]" started-at="2024-09-09T20:53:46 AEST" name="verifySortByNameAtoZ" data-provider="LoginData" finished-at="2024-09-09T20:53:57 AEST" duration-ms="10865" status="PASS">
          <params>
            <param index="0">
              <value>
                <![CDATA[problem_user]]>
              </value>
            </param>
            <param index="1">
              <value>
                <![CDATA[secret_sauce]]>
              </value>
            </param>
          </params>
          <reporter-output>
          </reporter-output>
        </test-method> <!-- verifySortByNameAtoZ -->
        <test-method is-config="true" signature="tearDown()[pri:0, instance:testCases.TC007_VerifySortByNameAtoZ@5d5f10b2]" started-at="2024-09-09T20:53:57 AEST" name="tearDown" finished-at="2024-09-09T20:53:57 AEST" duration-ms="768" status="PASS">
          <reporter-output>
          </reporter-output>
        </test-method> <!-- tearDown -->
      </class> <!-- testCases.TC007_VerifySortByNameAtoZ -->
      <class name="testCases.TC011_VerifyUniqueImagesForProductsForDifferentUsers">
        <test-method is-config="true" signature="setup(java.lang.String)[pri:0, instance:testCases.TC011_VerifyUniqueImagesForProductsForDifferentUsers@7642df8f]" started-at="2024-09-09T20:54:34 AEST" name="setup" finished-at="2024-09-09T20:54:37 AEST" duration-ms="3052" status="PASS">
          <params>
            <param index="0">
              <value>
                <![CDATA[chrome]]>
              </value>
            </param>
          </params>
          <reporter-output>
          </reporter-output>
        </test-method> <!-- setup -->
        <test-method signature="verifyUniqueImagesForProducts(java.lang.String,java.lang.String)[pri:0, instance:testCases.TC011_VerifyUniqueImagesForProductsForDifferentUsers@7642df8f]" started-at="2024-09-09T20:54:37 AEST" name="verifyUniqueImagesForProducts" data-provider="ImageTestUsers" finished-at="2024-09-09T20:54:38 AEST" duration-ms="1091" status="PASS">
          <params>
            <param index="0">
              <value>
                <![CDATA[standard_user]]>
              </value>
            </param>
            <param index="1">
              <value>
                <![CDATA[secret_sauce]]>
              </value>
            </param>
          </params>
          <reporter-output>
          </reporter-output>
        </test-method> <!-- verifyUniqueImagesForProducts -->
        <test-method signature="verifyUniqueImagesForProducts(java.lang.String,java.lang.String)[pri:0, instance:testCases.TC011_VerifyUniqueImagesForProductsForDifferentUsers@7642df8f]" started-at="2024-09-09T20:54:38 AEST" name="verifyUniqueImagesForProducts" data-provider="ImageTestUsers" finished-at="2024-09-09T20:54:39 AEST" duration-ms="383" status="PASS">
          <params>
            <param index="0">
              <value>
                <![CDATA[locked_out_user]]>
              </value>
            </param>
            <param index="1">
              <value>
                <![CDATA[secret_sauce]]>
              </value>
            </param>
          </params>
          <reporter-output>
          </reporter-output>
        </test-method> <!-- verifyUniqueImagesForProducts -->
        <test-method signature="verifyUniqueImagesForProducts(java.lang.String,java.lang.String)[pri:0, instance:testCases.TC011_VerifyUniqueImagesForProductsForDifferentUsers@7642df8f]" started-at="2024-09-09T20:54:39 AEST" name="verifyUniqueImagesForProducts" data-provider="ImageTestUsers" finished-at="2024-09-09T20:54:39 AEST" duration-ms="409" status="FAIL">
          <params>
            <param index="0">
              <value>
                <![CDATA[problem_user]]>
              </value>
            </param>
            <param index="1">
              <value>
                <![CDATA[secret_sauce]]>
              </value>
            </param>
          </params>
          <exception class="java.lang.AssertionError">
            <message>
              <![CDATA[Duplicate product images found! Some products share the same image for user 'problem_user' expected [6] but found [1]]]>
            </message>
            <full-stacktrace>
              <![CDATA[java.lang.AssertionError: Duplicate product images found! Some products share the same image for user 'problem_user' expected [6] but found [1]
at org.testng.Assert.fail(Assert.java:111)
at org.testng.Assert.failNotEquals(Assert.java:1578)
at org.testng.Assert.assertEqualsImpl(Assert.java:150)
at org.testng.Assert.assertEquals(Assert.java:132)
at org.testng.Assert.assertEquals(Assert.java:1419)
at org.testng.Assert.assertEquals(Assert.java:1383)
at testCases.TC011_VerifyUniqueImagesForProductsForDifferentUsers.verifyUniqueImagesForProducts(TC011_VerifyUniqueImagesForProductsForDifferentUsers.java:54)
at java.base/jdk.internal.reflect.NativeMethodAccessorImpl.invoke0(Native Method)
at java.base/jdk.internal.reflect.NativeMethodAccessorImpl.invoke(NativeMethodAccessorImpl.java:64)
at java.base/jdk.internal.reflect.DelegatingMethodAccessorImpl.invoke(DelegatingMethodAccessorImpl.java:43)
at java.base/java.lang.reflect.Method.invoke(Method.java:564)
at org.testng.internal.invokers.MethodInvocationHelper.invokeMethod(MethodInvocationHelper.java:139)
at org.testng.internal.invokers.TestInvoker.invokeMethod(TestInvoker.java:664)
at org.testng.internal.invokers.TestInvoker.invokeTestMethod(TestInvoker.java:227)
at org.testng.internal.invokers.MethodRunner.runInSequence(MethodRunner.java:50)
at org.testng.internal.invokers.TestInvoker$MethodInvocationAgent.invoke(TestInvoker.java:957)
at org.testng.internal.invokers.TestInvoker.invokeTestMethods(TestInvoker.java:200)
at org.testng.internal.invokers.TestMethodWorker.invokeTestMethods(TestMethodWorker.java:148)
at org.testng.internal.invokers.TestMethodWorker.run(TestMethodWorker.java:128)
at java.base/java.util.ArrayList.forEach(ArrayList.java:1511)
at org.testng.TestRunner.privateRun(TestRunner.java:848)
at org.testng.TestRunner.run(TestRunner.java:621)
at org.testng.SuiteRunner.runTest(SuiteRunner.java:443)
at org.testng.SuiteRunner.runSequentially(SuiteRunner.java:437)
at org.testng.SuiteRunner.privateRun(SuiteRunner.java:397)
at org.testng.SuiteRunner.run(SuiteRunner.java:336)
at org.testng.SuiteRunnerWorker.runSuite(SuiteRunnerWorker.java:52)
at org.testng.SuiteRunnerWorker.run(SuiteRunnerWorker.java:95)
at org.testng.TestNG.runSuitesSequentially(TestNG.java:1280)
at org.testng.TestNG.runSuitesLocally(TestNG.java:1200)
at org.testng.TestNG.runSuites(TestNG.java:1114)
at org.testng.TestNG.run(TestNG.java:1082)
at org.apache.maven.surefire.testng.TestNGExecutor.run(TestNGExecutor.java:308)
at org.apache.maven.surefire.testng.TestNGXmlTestSuite.execute(TestNGXmlTestSuite.java:71)
at org.apache.maven.surefire.testng.TestNGProvider.invoke(TestNGProvider.java:113)
at org.apache.maven.surefire.booter.ForkedBooter.runSuitesInProcess(ForkedBooter.java:385)
at org.apache.maven.surefire.booter.ForkedBooter.execute(ForkedBooter.java:162)
at org.apache.maven.surefire.booter.ForkedBooter.run(ForkedBooter.java:507)
at org.apache.maven.surefire.booter.ForkedBooter.main(ForkedBooter.java:495)
]]>
            </full-stacktrace>
          </exception> <!-- java.lang.AssertionError -->
          <reporter-output>
          </reporter-output>
        </test-method> <!-- verifyUniqueImagesForProducts -->
        <test-method is-config="true" signature="tearDown()[pri:0, instance:testCases.TC011_VerifyUniqueImagesForProductsForDifferentUsers@7642df8f]" started-at="2024-09-09T20:54:39 AEST" name="tearDown" finished-at="2024-09-09T20:54:40 AEST" duration-ms="697" status="PASS">
          <reporter-output>
          </reporter-output>
        </test-method> <!-- tearDown -->
      </class> <!-- testCases.TC011_VerifyUniqueImagesForProductsForDifferentUsers -->
      <class name="testCases.TC012_VerifyUsersCanAddAllProductsToCart">
        <test-method is-config="true" signature="setup(java.lang.String)[pri:0, instance:testCases.TC012_VerifyUsersCanAddAllProductsToCart@3e30646a]" started-at="2024-09-09T20:54:40 AEST" name="setup" finished-at="2024-09-09T20:54:43 AEST" duration-ms="2700" status="PASS">
          <params>
            <param index="0">
              <value>
                <![CDATA[chrome]]>
              </value>
            </param>
          </params>
          <reporter-output>
          </reporter-output>
        </test-method> <!-- setup -->
        <test-method signature="verifyUsersCanAddAllProductsToCart(java.lang.String,java.lang.String)[pri:0, instance:testCases.TC012_VerifyUsersCanAddAllProductsToCart@3e30646a]" started-at="2024-09-09T20:54:43 AEST" name="verifyUsersCanAddAllProductsToCart" data-provider="ImageTestUsers" finished-at="2024-09-09T20:54:45 AEST" duration-ms="1673" status="PASS">
          <params>
            <param index="0">
              <value>
                <![CDATA[standard_user]]>
              </value>
            </param>
            <param index="1">
              <value>
                <![CDATA[secret_sauce]]>
              </value>
            </param>
          </params>
          <reporter-output>
          </reporter-output>
        </test-method> <!-- verifyUsersCanAddAllProductsToCart -->
        <test-method signature="verifyUsersCanAddAllProductsToCart(java.lang.String,java.lang.String)[pri:0, instance:testCases.TC012_VerifyUsersCanAddAllProductsToCart@3e30646a]" started-at="2024-09-09T20:54:45 AEST" name="verifyUsersCanAddAllProductsToCart" data-provider="ImageTestUsers" finished-at="2024-09-09T20:54:45 AEST" duration-ms="496" status="FAIL">
          <params>
            <param index="0">
              <value>
                <![CDATA[locked_out_user]]>
              </value>
            </param>
            <param index="1">
              <value>
                <![CDATA[secret_sauce]]>
              </value>
            </param>
          </params>
          <exception class="java.lang.AssertionError">
            <message>
              <![CDATA[Login failed! URL mismatch for user: locked_out_user expected [https://www.saucedemo.com/inventory.html] but found [https://www.saucedemo.com/]]]>
            </message>
            <full-stacktrace>
              <![CDATA[java.lang.AssertionError: Login failed! URL mismatch for user: locked_out_user expected [https://www.saucedemo.com/inventory.html] but found [https://www.saucedemo.com/]
at org.testng.Assert.fail(Assert.java:111)
at org.testng.Assert.failNotEquals(Assert.java:1578)
at org.testng.Assert.assertEqualsImpl(Assert.java:150)
at org.testng.Assert.assertEquals(Assert.java:132)
at org.testng.Assert.assertEquals(Assert.java:656)
at testCases.TC012_VerifyUsersCanAddAllProductsToCart.verifyUsersCanAddAllProductsToCart(TC012_VerifyUsersCanAddAllProductsToCart.java:33)
at java.base/jdk.internal.reflect.NativeMethodAccessorImpl.invoke0(Native Method)
at java.base/jdk.internal.reflect.NativeMethodAccessorImpl.invoke(NativeMethodAccessorImpl.java:64)
at java.base/jdk.internal.reflect.DelegatingMethodAccessorImpl.invoke(DelegatingMethodAccessorImpl.java:43)
at java.base/java.lang.reflect.Method.invoke(Method.java:564)
at org.testng.internal.invokers.MethodInvocationHelper.invokeMethod(MethodInvocationHelper.java:139)
at org.testng.internal.invokers.TestInvoker.invokeMethod(TestInvoker.java:664)
at org.testng.internal.invokers.TestInvoker.invokeTestMethod(TestInvoker.java:227)
at org.testng.internal.invokers.MethodRunner.runInSequence(MethodRunner.java:50)
at org.testng.internal.invokers.TestInvoker$MethodInvocationAgent.invoke(TestInvoker.java:957)
at org.testng.internal.invokers.TestInvoker.invokeTestMethods(TestInvoker.java:200)
at org.testng.internal.invokers.TestMethodWorker.invokeTestMethods(TestMethodWorker.java:148)
at org.testng.internal.invokers.TestMethodWorker.run(TestMethodWorker.java:128)
at java.base/java.util.ArrayList.forEach(ArrayList.java:1511)
at org.testng.TestRunner.privateRun(TestRunner.java:848)
at org.testng.TestRunner.run(TestRunner.java:621)
at org.testng.SuiteRunner.runTest(SuiteRunner.java:443)
at org.testng.SuiteRunner.runSequentially(SuiteRunner.java:437)
at org.testng.SuiteRunner.privateRun(SuiteRunner.java:397)
at org.testng.SuiteRunner.run(SuiteRunner.java:336)
at org.testng.SuiteRunnerWorker.runSuite(SuiteRunnerWorker.java:52)
at org.testng.SuiteRunnerWorker.run(SuiteRunnerWorker.java:95)
at org.testng.TestNG.runSuitesSequentially(TestNG.java:1280)
at org.testng.TestNG.runSuitesLocally(TestNG.java:1200)
at org.testng.TestNG.runSuites(TestNG.java:1114)
at org.testng.TestNG.run(TestNG.java:1082)
at org.apache.maven.surefire.testng.TestNGExecutor.run(TestNGExecutor.java:308)
at org.apache.maven.surefire.testng.TestNGXmlTestSuite.execute(TestNGXmlTestSuite.java:71)
at org.apache.maven.surefire.testng.TestNGProvider.invoke(TestNGProvider.java:113)
at org.apache.maven.surefire.booter.ForkedBooter.runSuitesInProcess(ForkedBooter.java:385)
at org.apache.maven.surefire.booter.ForkedBooter.execute(ForkedBooter.java:162)
at org.apache.maven.surefire.booter.ForkedBooter.run(ForkedBooter.java:507)
at org.apache.maven.surefire.booter.ForkedBooter.main(ForkedBooter.java:495)
]]>
            </full-stacktrace>
          </exception> <!-- java.lang.AssertionError -->
          <reporter-output>
          </reporter-output>
        </test-method> <!-- verifyUsersCanAddAllProductsToCart -->
        <test-method signature="verifyUsersCanAddAllProductsToCart(java.lang.String,java.lang.String)[pri:0, instance:testCases.TC012_VerifyUsersCanAddAllProductsToCart@3e30646a]" started-at="2024-09-09T20:54:45 AEST" name="verifyUsersCanAddAllProductsToCart" data-provider="ImageTestUsers" finished-at="2024-09-09T20:54:46 AEST" duration-ms="806" status="FAIL">
          <params>
            <param index="0">
              <value>
                <![CDATA[problem_user]]>
              </value>
            </param>
            <param index="1">
              <value>
                <![CDATA[secret_sauce]]>
              </value>
            </param>
          </params>
          <exception class="java.lang.AssertionError">
            <message>
              <![CDATA[The number of products added to the cart does not match the total number of products. expected [6] but found [3]]]>
            </message>
            <full-stacktrace>
              <![CDATA[java.lang.AssertionError: The number of products added to the cart does not match the total number of products. expected [6] but found [3]
at org.testng.Assert.fail(Assert.java:111)
at org.testng.Assert.failNotEquals(Assert.java:1578)
at org.testng.Assert.assertEqualsImpl(Assert.java:150)
at org.testng.Assert.assertEquals(Assert.java:132)
at org.testng.Assert.assertEquals(Assert.java:1419)
at org.testng.Assert.assertEquals(Assert.java:1383)
at testCases.TC012_VerifyUsersCanAddAllProductsToCart.verifyUsersCanAddAllProductsToCart(TC012_VerifyUsersCanAddAllProductsToCart.java:46)
at java.base/jdk.internal.reflect.NativeMethodAccessorImpl.invoke0(Native Method)
at java.base/jdk.internal.reflect.NativeMethodAccessorImpl.invoke(NativeMethodAccessorImpl.java:64)
at java.base/jdk.internal.reflect.DelegatingMethodAccessorImpl.invoke(DelegatingMethodAccessorImpl.java:43)
at java.base/java.lang.reflect.Method.invoke(Method.java:564)
at org.testng.internal.invokers.MethodInvocationHelper.invokeMethod(MethodInvocationHelper.java:139)
at org.testng.internal.invokers.TestInvoker.invokeMethod(TestInvoker.java:664)
at org.testng.internal.invokers.TestInvoker.invokeTestMethod(TestInvoker.java:227)
at org.testng.internal.invokers.MethodRunner.runInSequence(MethodRunner.java:50)
at org.testng.internal.invokers.TestInvoker$MethodInvocationAgent.invoke(TestInvoker.java:957)
at org.testng.internal.invokers.TestInvoker.invokeTestMethods(TestInvoker.java:200)
at org.testng.internal.invokers.TestMethodWorker.invokeTestMethods(TestMethodWorker.java:148)
at org.testng.internal.invokers.TestMethodWorker.run(TestMethodWorker.java:128)
at java.base/java.util.ArrayList.forEach(ArrayList.java:1511)
at org.testng.TestRunner.privateRun(TestRunner.java:848)
at org.testng.TestRunner.run(TestRunner.java:621)
at org.testng.SuiteRunner.runTest(SuiteRunner.java:443)
at org.testng.SuiteRunner.runSequentially(SuiteRunner.java:437)
at org.testng.SuiteRunner.privateRun(SuiteRunner.java:397)
at org.testng.SuiteRunner.run(SuiteRunner.java:336)
at org.testng.SuiteRunnerWorker.runSuite(SuiteRunnerWorker.java:52)
at org.testng.SuiteRunnerWorker.run(SuiteRunnerWorker.java:95)
at org.testng.TestNG.runSuitesSequentially(TestNG.java:1280)
at org.testng.TestNG.runSuitesLocally(TestNG.java:1200)
at org.testng.TestNG.runSuites(TestNG.java:1114)
at org.testng.TestNG.run(TestNG.java:1082)
at org.apache.maven.surefire.testng.TestNGExecutor.run(TestNGExecutor.java:308)
at org.apache.maven.surefire.testng.TestNGXmlTestSuite.execute(TestNGXmlTestSuite.java:71)
at org.apache.maven.surefire.testng.TestNGProvider.invoke(TestNGProvider.java:113)
at org.apache.maven.surefire.booter.ForkedBooter.runSuitesInProcess(ForkedBooter.java:385)
at org.apache.maven.surefire.booter.ForkedBooter.execute(ForkedBooter.java:162)
at org.apache.maven.surefire.booter.ForkedBooter.run(ForkedBooter.java:507)
at org.apache.maven.surefire.booter.ForkedBooter.main(ForkedBooter.java:495)
]]>
            </full-stacktrace>
          </exception> <!-- java.lang.AssertionError -->
          <reporter-output>
          </reporter-output>
        </test-method> <!-- verifyUsersCanAddAllProductsToCart -->
        <test-method is-config="true" signature="tearDown()[pri:0, instance:testCases.TC012_VerifyUsersCanAddAllProductsToCart@3e30646a]" started-at="2024-09-09T20:54:46 AEST" name="tearDown" finished-at="2024-09-09T20:54:47 AEST" duration-ms="730" status="PASS">
          <reporter-output>
          </reporter-output>
        </test-method> <!-- tearDown -->
      </class> <!-- testCases.TC012_VerifyUsersCanAddAllProductsToCart -->
      <class name="testCases.TC008_VerifySortByNameZtoA">
        <test-method is-config="true" signature="setup(java.lang.String)[pri:0, instance:testCases.TC008_VerifySortByNameZtoA@74c79fa2]" started-at="2024-09-09T20:53:57 AEST" name="setup" finished-at="2024-09-09T20:54:00 AEST" duration-ms="2976" status="PASS">
          <params>
            <param index="0">
              <value>
                <![CDATA[chrome]]>
              </value>
            </param>
          </params>
          <reporter-output>
          </reporter-output>
        </test-method> <!-- setup -->
        <test-method signature="verifySortByNameZtoA(java.lang.String,java.lang.String)[pri:0, instance:testCases.TC008_VerifySortByNameZtoA@74c79fa2]" started-at="2024-09-09T20:54:00 AEST" name="verifySortByNameZtoA" data-provider="LoginData" finished-at="2024-09-09T20:54:12 AEST" duration-ms="11220" status="PASS">
          <params>
            <param index="0">
              <value>
                <![CDATA[standard_user]]>
              </value>
            </param>
            <param index="1">
              <value>
                <![CDATA[secret_sauce]]>
              </value>
            </param>
          </params>
          <reporter-output>
          </reporter-output>
        </test-method> <!-- verifySortByNameZtoA -->
        <test-method signature="verifySortByNameZtoA(java.lang.String,java.lang.String)[pri:0, instance:testCases.TC008_VerifySortByNameZtoA@74c79fa2]" started-at="2024-09-09T20:54:12 AEST" name="verifySortByNameZtoA" data-provider="LoginData" finished-at="2024-09-09T20:54:23 AEST" duration-ms="11018" status="PASS">
          <params>
            <param index="0">
              <value>
                <![CDATA[problem_user]]>
              </value>
            </param>
            <param index="1">
              <value>
                <![CDATA[secret_sauce]]>
              </value>
            </param>
          </params>
          <reporter-output>
          </reporter-output>
        </test-method> <!-- verifySortByNameZtoA -->
        <test-method is-config="true" signature="tearDown()[pri:0, instance:testCases.TC008_VerifySortByNameZtoA@74c79fa2]" started-at="2024-09-09T20:54:23 AEST" name="tearDown" finished-at="2024-09-09T20:54:23 AEST" duration-ms="777" status="PASS">
          <reporter-output>
          </reporter-output>
        </test-method> <!-- tearDown -->
      </class> <!-- testCases.TC008_VerifySortByNameZtoA -->
      <class name="testCases.TC014_VerifyCheckoutFeatureForDifferentUsers">
        <test-method is-config="true" signature="setup(java.lang.String)[pri:0, instance:testCases.TC014_VerifyCheckoutFeatureForDifferentUsers@63a270c9]" started-at="2024-09-09T20:55:04 AEST" name="setup" finished-at="2024-09-09T20:55:07 AEST" duration-ms="2764" status="PASS">
          <params>
            <param index="0">
              <value>
                <![CDATA[chrome]]>
              </value>
            </param>
          </params>
          <reporter-output>
          </reporter-output>
        </test-method> <!-- setup -->
        <test-method signature="verifyCheckoutFeatureForDifferentUsers(java.lang.String,java.lang.String)[pri:0, instance:testCases.TC014_VerifyCheckoutFeatureForDifferentUsers@63a270c9]" started-at="2024-09-09T20:55:07 AEST" name="verifyCheckoutFeatureForDifferentUsers" data-provider="LoginData" finished-at="2024-09-09T20:55:09 AEST" duration-ms="1814" status="PASS">
          <params>
            <param index="0">
              <value>
                <![CDATA[standard_user]]>
              </value>
            </param>
            <param index="1">
              <value>
                <![CDATA[secret_sauce]]>
              </value>
            </param>
          </params>
          <reporter-output>
          </reporter-output>
        </test-method> <!-- verifyCheckoutFeatureForDifferentUsers -->
        <test-method signature="verifyCheckoutFeatureForDifferentUsers(java.lang.String,java.lang.String)[pri:0, instance:testCases.TC014_VerifyCheckoutFeatureForDifferentUsers@63a270c9]" started-at="2024-09-09T20:55:09 AEST" name="verifyCheckoutFeatureForDifferentUsers" data-provider="LoginData" finished-at="2024-09-09T20:55:20 AEST" duration-ms="11197" status="PASS">
          <params>
            <param index="0">
              <value>
                <![CDATA[problem_user]]>
              </value>
            </param>
            <param index="1">
              <value>
                <![CDATA[secret_sauce]]>
              </value>
            </param>
          </params>
          <reporter-output>
          </reporter-output>
        </test-method> <!-- verifyCheckoutFeatureForDifferentUsers -->
        <test-method is-config="true" signature="tearDown()[pri:0, instance:testCases.TC014_VerifyCheckoutFeatureForDifferentUsers@63a270c9]" started-at="2024-09-09T20:55:20 AEST" name="tearDown" finished-at="2024-09-09T20:55:21 AEST" duration-ms="791" status="PASS">
          <reporter-output>
          </reporter-output>
        </test-method> <!-- tearDown -->
      </class> <!-- testCases.TC014_VerifyCheckoutFeatureForDifferentUsers -->
      <class name="testCases.TC005_VerifyErrorMessageWhenLoginWithBlankUsernameAndPassword">
        <test-method is-config="true" signature="setup(java.lang.String)[pri:0, instance:testCases.TC005_VerifyErrorMessageWhenLoginWithBlankUsernameAndPassword@13d73fa]" started-at="2024-09-09T20:53:23 AEST" name="setup" finished-at="2024-09-09T20:53:26 AEST" duration-ms="2423" status="PASS">
          <params>
            <param index="0">
              <value>
                <![CDATA[chrome]]>
              </value>
            </param>
          </params>
          <reporter-output>
          </reporter-output>
        </test-method> <!-- setup -->
        <test-method signature="loginTestWithBlankUsernameAndValidPassword(java.lang.String,java.lang.String)[pri:0, instance:testCases.TC005_VerifyErrorMessageWhenLoginWithBlankUsernameAndPassword@13d73fa]" started-at="2024-09-09T20:53:26 AEST" name="loginTestWithBlankUsernameAndValidPassword" data-provider="LoginDataWithBlankUsernameAndValidPassword" finished-at="2024-09-09T20:53:26 AEST" duration-ms="509" status="PASS">
          <params>
            <param index="0">
              <value>
                <![CDATA[]]>
              </value>
            </param>
            <param index="1">
              <value>
                <![CDATA[secret_sauce]]>
              </value>
            </param>
          </params>
          <reporter-output>
          </reporter-output>
        </test-method> <!-- loginTestWithBlankUsernameAndValidPassword -->
        <test-method is-config="true" signature="tearDown()[pri:0, instance:testCases.TC005_VerifyErrorMessageWhenLoginWithBlankUsernameAndPassword@13d73fa]" started-at="2024-09-09T20:53:26 AEST" name="tearDown" finished-at="2024-09-09T20:53:27 AEST" duration-ms="724" status="PASS">
          <reporter-output>
          </reporter-output>
        </test-method> <!-- tearDown -->
      </class> <!-- testCases.TC005_VerifyErrorMessageWhenLoginWithBlankUsernameAndPassword -->
      <class name="testCases.TC010_VerifySortByPriceHighToLow">
        <test-method is-config="true" signature="setup(java.lang.String)[pri:0, instance:testCases.TC010_VerifySortByPriceHighToLow@53bd8fca]" started-at="2024-09-09T20:54:29 AEST" name="setup" finished-at="2024-09-09T20:54:32 AEST" duration-ms="2582" status="PASS">
          <params>
            <param index="0">
              <value>
                <![CDATA[chrome]]>
              </value>
            </param>
          </params>
          <reporter-output>
          </reporter-output>
        </test-method> <!-- setup -->
        <test-method signature="verifySortByPriceHighToLow(java.lang.String,java.lang.String)[pri:0, instance:testCases.TC010_VerifySortByPriceHighToLow@53bd8fca]" started-at="2024-09-09T20:54:32 AEST" name="verifySortByPriceHighToLow" data-provider="LoginData" finished-at="2024-09-09T20:54:33 AEST" duration-ms="1235" status="PASS">
          <params>
            <param index="0">
              <value>
                <![CDATA[standard_user]]>
              </value>
            </param>
            <param index="1">
              <value>
                <![CDATA[secret_sauce]]>
              </value>
            </param>
          </params>
          <reporter-output>
          </reporter-output>
        </test-method> <!-- verifySortByPriceHighToLow -->
        <test-method signature="verifySortByPriceHighToLow(java.lang.String,java.lang.String)[pri:0, instance:testCases.TC010_VerifySortByPriceHighToLow@53bd8fca]" started-at="2024-09-09T20:54:33 AEST" name="verifySortByPriceHighToLow" data-provider="LoginData" finished-at="2024-09-09T20:54:33 AEST" duration-ms="494" status="FAIL">
          <params>
            <param index="0">
              <value>
                <![CDATA[problem_user]]>
              </value>
            </param>
            <param index="1">
              <value>
                <![CDATA[secret_sauce]]>
              </value>
            </param>
          </params>
          <exception class="java.lang.AssertionError">
            <message>
              <![CDATA[Products are not sorted by price from High To Low for user problem_user: Lists differ at element [0]: 49.99 != 29.99 expected [49.99] but found [29.99]]]>
            </message>
            <full-stacktrace>
              <![CDATA[java.lang.AssertionError: Products are not sorted by price from High To Low for user problem_user: Lists differ at element [0]: 49.99 != 29.99 expected [49.99] but found [29.99]
at org.testng.Assert.fail(Assert.java:111)
at org.testng.Assert.failNotEquals(Assert.java:1578)
at org.testng.Assert.assertEqualsImpl(Assert.java:150)
at org.testng.Assert.assertEquals(Assert.java:1644)
at testCases.TC010_VerifySortByPriceHighToLow.verifySortByPriceHighToLow(TC010_VerifySortByPriceHighToLow.java:51)
at java.base/jdk.internal.reflect.NativeMethodAccessorImpl.invoke0(Native Method)
at java.base/jdk.internal.reflect.NativeMethodAccessorImpl.invoke(NativeMethodAccessorImpl.java:64)
at java.base/jdk.internal.reflect.DelegatingMethodAccessorImpl.invoke(DelegatingMethodAccessorImpl.java:43)
at java.base/java.lang.reflect.Method.invoke(Method.java:564)
at org.testng.internal.invokers.MethodInvocationHelper.invokeMethod(MethodInvocationHelper.java:139)
at org.testng.internal.invokers.TestInvoker.invokeMethod(TestInvoker.java:664)
at org.testng.internal.invokers.TestInvoker.invokeTestMethod(TestInvoker.java:227)
at org.testng.internal.invokers.MethodRunner.runInSequence(MethodRunner.java:50)
at org.testng.internal.invokers.TestInvoker$MethodInvocationAgent.invoke(TestInvoker.java:957)
at org.testng.internal.invokers.TestInvoker.invokeTestMethods(TestInvoker.java:200)
at org.testng.internal.invokers.TestMethodWorker.invokeTestMethods(TestMethodWorker.java:148)
at org.testng.internal.invokers.TestMethodWorker.run(TestMethodWorker.java:128)
at java.base/java.util.ArrayList.forEach(ArrayList.java:1511)
at org.testng.TestRunner.privateRun(TestRunner.java:848)
at org.testng.TestRunner.run(TestRunner.java:621)
at org.testng.SuiteRunner.runTest(SuiteRunner.java:443)
at org.testng.SuiteRunner.runSequentially(SuiteRunner.java:437)
at org.testng.SuiteRunner.privateRun(SuiteRunner.java:397)
at org.testng.SuiteRunner.run(SuiteRunner.java:336)
at org.testng.SuiteRunnerWorker.runSuite(SuiteRunnerWorker.java:52)
at org.testng.SuiteRunnerWorker.run(SuiteRunnerWorker.java:95)
at org.testng.TestNG.runSuitesSequentially(TestNG.java:1280)
at org.testng.TestNG.runSuitesLocally(TestNG.java:1200)
at org.testng.TestNG.runSuites(TestNG.java:1114)
at org.testng.TestNG.run(TestNG.java:1082)
at org.apache.maven.surefire.testng.TestNGExecutor.run(TestNGExecutor.java:308)
at org.apache.maven.surefire.testng.TestNGXmlTestSuite.execute(TestNGXmlTestSuite.java:71)
at org.apache.maven.surefire.testng.TestNGProvider.invoke(TestNGProvider.java:113)
at org.apache.maven.surefire.booter.ForkedBooter.runSuitesInProcess(ForkedBooter.java:385)
at org.apache.maven.surefire.booter.ForkedBooter.execute(ForkedBooter.java:162)
at org.apache.maven.surefire.booter.ForkedBooter.run(ForkedBooter.java:507)
at org.apache.maven.surefire.booter.ForkedBooter.main(ForkedBooter.java:495)
]]>
            </full-stacktrace>
          </exception> <!-- java.lang.AssertionError -->
          <reporter-output>
          </reporter-output>
        </test-method> <!-- verifySortByPriceHighToLow -->
        <test-method is-config="true" signature="tearDown()[pri:0, instance:testCases.TC010_VerifySortByPriceHighToLow@53bd8fca]" started-at="2024-09-09T20:54:34 AEST" name="tearDown" finished-at="2024-09-09T20:54:34 AEST" duration-ms="704" status="PASS">
          <reporter-output>
          </reporter-output>
        </test-method> <!-- tearDown -->
      </class> <!-- testCases.TC010_VerifySortByPriceHighToLow -->
      <class name="testCases.TC009_VerifySortByPriceLowToHigh">
        <test-method is-config="true" signature="setup(java.lang.String)[pri:0, instance:testCases.TC009_VerifySortByPriceLowToHigh@1e0f9063]" started-at="2024-09-09T20:54:23 AEST" name="setup" finished-at="2024-09-09T20:54:26 AEST" duration-ms="3040" status="PASS">
          <params>
            <param index="0">
              <value>
                <![CDATA[chrome]]>
              </value>
            </param>
          </params>
          <reporter-output>
          </reporter-output>
        </test-method> <!-- setup -->
        <test-method signature="verifySortByPriceLowToHigh(java.lang.String,java.lang.String)[pri:0, instance:testCases.TC009_VerifySortByPriceLowToHigh@1e0f9063]" started-at="2024-09-09T20:54:26 AEST" name="verifySortByPriceLowToHigh" data-provider="LoginData" finished-at="2024-09-09T20:54:28 AEST" duration-ms="1262" status="PASS">
          <params>
            <param index="0">
              <value>
                <![CDATA[standard_user]]>
              </value>
            </param>
            <param index="1">
              <value>
                <![CDATA[secret_sauce]]>
              </value>
            </param>
          </params>
          <reporter-output>
          </reporter-output>
        </test-method> <!-- verifySortByPriceLowToHigh -->
        <test-method signature="verifySortByPriceLowToHigh(java.lang.String,java.lang.String)[pri:0, instance:testCases.TC009_VerifySortByPriceLowToHigh@1e0f9063]" started-at="2024-09-09T20:54:28 AEST" name="verifySortByPriceLowToHigh" data-provider="LoginData" finished-at="2024-09-09T20:54:28 AEST" duration-ms="488" status="FAIL">
          <params>
            <param index="0">
              <value>
                <![CDATA[problem_user]]>
              </value>
            </param>
            <param index="1">
              <value>
                <![CDATA[secret_sauce]]>
              </value>
            </param>
          </params>
          <exception class="java.lang.AssertionError">
            <message>
              <![CDATA[Products are not sorted by price from Low to High for problem_user: Lists differ at element [0]: 7.99 != 29.99 expected [7.99] but found [29.99]]]>
            </message>
            <full-stacktrace>
              <![CDATA[java.lang.AssertionError: Products are not sorted by price from Low to High for problem_user: Lists differ at element [0]: 7.99 != 29.99 expected [7.99] but found [29.99]
at org.testng.Assert.fail(Assert.java:111)
at org.testng.Assert.failNotEquals(Assert.java:1578)
at org.testng.Assert.assertEqualsImpl(Assert.java:150)
at org.testng.Assert.assertEquals(Assert.java:1644)
at testCases.TC009_VerifySortByPriceLowToHigh.verifySortByPriceLowToHigh(TC009_VerifySortByPriceLowToHigh.java:53)
at java.base/jdk.internal.reflect.NativeMethodAccessorImpl.invoke0(Native Method)
at java.base/jdk.internal.reflect.NativeMethodAccessorImpl.invoke(NativeMethodAccessorImpl.java:64)
at java.base/jdk.internal.reflect.DelegatingMethodAccessorImpl.invoke(DelegatingMethodAccessorImpl.java:43)
at java.base/java.lang.reflect.Method.invoke(Method.java:564)
at org.testng.internal.invokers.MethodInvocationHelper.invokeMethod(MethodInvocationHelper.java:139)
at org.testng.internal.invokers.TestInvoker.invokeMethod(TestInvoker.java:664)
at org.testng.internal.invokers.TestInvoker.invokeTestMethod(TestInvoker.java:227)
at org.testng.internal.invokers.MethodRunner.runInSequence(MethodRunner.java:50)
at org.testng.internal.invokers.TestInvoker$MethodInvocationAgent.invoke(TestInvoker.java:957)
at org.testng.internal.invokers.TestInvoker.invokeTestMethods(TestInvoker.java:200)
at org.testng.internal.invokers.TestMethodWorker.invokeTestMethods(TestMethodWorker.java:148)
at org.testng.internal.invokers.TestMethodWorker.run(TestMethodWorker.java:128)
at java.base/java.util.ArrayList.forEach(ArrayList.java:1511)
at org.testng.TestRunner.privateRun(TestRunner.java:848)
at org.testng.TestRunner.run(TestRunner.java:621)
at org.testng.SuiteRunner.runTest(SuiteRunner.java:443)
at org.testng.SuiteRunner.runSequentially(SuiteRunner.java:437)
at org.testng.SuiteRunner.privateRun(SuiteRunner.java:397)
at org.testng.SuiteRunner.run(SuiteRunner.java:336)
at org.testng.SuiteRunnerWorker.runSuite(SuiteRunnerWorker.java:52)
at org.testng.SuiteRunnerWorker.run(SuiteRunnerWorker.java:95)
at org.testng.TestNG.runSuitesSequentially(TestNG.java:1280)
at org.testng.TestNG.runSuitesLocally(TestNG.java:1200)
at org.testng.TestNG.runSuites(TestNG.java:1114)
at org.testng.TestNG.run(TestNG.java:1082)
at org.apache.maven.surefire.testng.TestNGExecutor.run(TestNGExecutor.java:308)
at org.apache.maven.surefire.testng.TestNGXmlTestSuite.execute(TestNGXmlTestSuite.java:71)
at org.apache.maven.surefire.testng.TestNGProvider.invoke(TestNGProvider.java:113)
at org.apache.maven.surefire.booter.ForkedBooter.runSuitesInProcess(ForkedBooter.java:385)
at org.apache.maven.surefire.booter.ForkedBooter.execute(ForkedBooter.java:162)
at org.apache.maven.surefire.booter.ForkedBooter.run(ForkedBooter.java:507)
at org.apache.maven.surefire.booter.ForkedBooter.main(ForkedBooter.java:495)
]]>
            </full-stacktrace>
          </exception> <!-- java.lang.AssertionError -->
          <reporter-output>
          </reporter-output>
        </test-method> <!-- verifySortByPriceLowToHigh -->
        <test-method is-config="true" signature="tearDown()[pri:0, instance:testCases.TC009_VerifySortByPriceLowToHigh@1e0f9063]" started-at="2024-09-09T20:54:28 AEST" name="tearDown" finished-at="2024-09-09T20:54:29 AEST" duration-ms="709" status="PASS">
          <reporter-output>
          </reporter-output>
        </test-method> <!-- tearDown -->
      </class> <!-- testCases.TC009_VerifySortByPriceLowToHigh -->
      <class name="testCases.TC006_VerifySortFunctionIsAvailable">
        <test-method is-config="true" signature="setup(java.lang.String)[pri:0, instance:testCases.TC006_VerifySortFunctionIsAvailable@5023bb8b]" started-at="2024-09-09T20:53:27 AEST" name="setup" finished-at="2024-09-09T20:53:29 AEST" duration-ms="2455" status="PASS">
          <params>
            <param index="0">
              <value>
                <![CDATA[chrome]]>
              </value>
            </param>
          </params>
          <reporter-output>
          </reporter-output>
        </test-method> <!-- setup -->
        <test-method signature="verifySortFunctionIsAvailable(java.lang.String,java.lang.String)[pri:0, instance:testCases.TC006_VerifySortFunctionIsAvailable@5023bb8b]" started-at="2024-09-09T20:53:29 AEST" name="verifySortFunctionIsAvailable" data-provider="LoginData" finished-at="2024-09-09T20:53:30 AEST" duration-ms="1062" status="PASS">
          <params>
            <param index="0">
              <value>
                <![CDATA[standard_user]]>
              </value>
            </param>
            <param index="1">
              <value>
                <![CDATA[secret_sauce]]>
              </value>
            </param>
          </params>
          <reporter-output>
          </reporter-output>
        </test-method> <!-- verifySortFunctionIsAvailable -->
        <test-method signature="verifySortFunctionIsAvailable(java.lang.String,java.lang.String)[pri:0, instance:testCases.TC006_VerifySortFunctionIsAvailable@5023bb8b]" started-at="2024-09-09T20:53:30 AEST" name="verifySortFunctionIsAvailable" data-provider="LoginData" finished-at="2024-09-09T20:53:31 AEST" duration-ms="614" status="PASS">
          <params>
            <param index="0">
              <value>
                <![CDATA[problem_user]]>
              </value>
            </param>
            <param index="1">
              <value>
                <![CDATA[secret_sauce]]>
              </value>
            </param>
          </params>
          <reporter-output>
          </reporter-output>
        </test-method> <!-- verifySortFunctionIsAvailable -->
        <test-method is-config="true" signature="tearDown()[pri:0, instance:testCases.TC006_VerifySortFunctionIsAvailable@5023bb8b]" started-at="2024-09-09T20:53:31 AEST" name="tearDown" finished-at="2024-09-09T20:53:32 AEST" duration-ms="725" status="PASS">
          <reporter-output>
          </reporter-output>
        </test-method> <!-- tearDown -->
      </class> <!-- testCases.TC006_VerifySortFunctionIsAvailable -->
      <class name="testCases.TC004_VerifyLoginFunctionalityWithInvalidUserNameAndInvalidPassword">
        <test-method is-config="true" signature="setup(java.lang.String)[pri:0, instance:testCases.TC004_VerifyLoginFunctionalityWithInvalidUserNameAndInvalidPassword@6399551e]" started-at="2024-09-09T20:53:17 AEST" name="setup" finished-at="2024-09-09T20:53:20 AEST" duration-ms="2517" status="PASS">
          <params>
            <param index="0">
              <value>
                <![CDATA[chrome]]>
              </value>
            </param>
          </params>
          <reporter-output>
          </reporter-output>
        </test-method> <!-- setup -->
        <test-method signature="testLoginWithInvalidUserNameAndInvalidPassword(java.lang.String,java.lang.String)[pri:0, instance:testCases.TC004_VerifyLoginFunctionalityWithInvalidUserNameAndInvalidPassword@6399551e]" started-at="2024-09-09T20:53:20 AEST" name="testLoginWithInvalidUserNameAndInvalidPassword" data-provider="LoginDataWithInvalidUsernameAndInvalidPassword" finished-at="2024-09-09T20:53:23 AEST" duration-ms="2571" status="PASS">
          <params>
            <param index="0">
              <value>
                <![CDATA[wrong_user1]]>
              </value>
            </param>
            <param index="1">
              <value>
                <![CDATA[sssecret_sauce]]>
              </value>
            </param>
          </params>
          <reporter-output>
          </reporter-output>
        </test-method> <!-- testLoginWithInvalidUserNameAndInvalidPassword -->
        <test-method is-config="true" signature="tearDown()[pri:0, instance:testCases.TC004_VerifyLoginFunctionalityWithInvalidUserNameAndInvalidPassword@6399551e]" started-at="2024-09-09T20:53:23 AEST" name="tearDown" finished-at="2024-09-09T20:53:23 AEST" duration-ms="702" status="PASS">
          <reporter-output>
          </reporter-output>
        </test-method> <!-- tearDown -->
      </class> <!-- testCases.TC004_VerifyLoginFunctionalityWithInvalidUserNameAndInvalidPassword -->
      <class name="testCases.TC003_VerifyLoginFunctionalityWithInvalidUserNameAndValidPassword">
        <test-method is-config="true" signature="setup(java.lang.String)[pri:0, instance:testCases.TC003_VerifyLoginFunctionalityWithInvalidUserNameAndValidPassword@1c32386d]" started-at="2024-09-09T20:53:11 AEST" name="setup" finished-at="2024-09-09T20:53:14 AEST" duration-ms="2832" status="PASS">
          <params>
            <param index="0">
              <value>
                <![CDATA[chrome]]>
              </value>
            </param>
          </params>
          <reporter-output>
          </reporter-output>
        </test-method> <!-- setup -->
        <test-method signature="testLoginWithInvalidUserNameAndValidPassword(java.lang.String,java.lang.String)[pri:0, instance:testCases.TC003_VerifyLoginFunctionalityWithInvalidUserNameAndValidPassword@1c32386d]" started-at="2024-09-09T20:53:14 AEST" name="testLoginWithInvalidUserNameAndValidPassword" data-provider="LoginDataWithInvalidUsernameAndValidPassword" finished-at="2024-09-09T20:53:16 AEST" duration-ms="2674" status="PASS">
          <params>
            <param index="0">
              <value>
                <![CDATA[sample_user]]>
              </value>
            </param>
            <param index="1">
              <value>
                <![CDATA[secret_sauce]]>
              </value>
            </param>
          </params>
          <reporter-output>
          </reporter-output>
        </test-method> <!-- testLoginWithInvalidUserNameAndValidPassword -->
        <test-method is-config="true" signature="tearDown()[pri:0, instance:testCases.TC003_VerifyLoginFunctionalityWithInvalidUserNameAndValidPassword@1c32386d]" started-at="2024-09-09T20:53:16 AEST" name="tearDown" finished-at="2024-09-09T20:53:17 AEST" duration-ms="726" status="PASS">
          <reporter-output>
          </reporter-output>
        </test-method> <!-- tearDown -->
      </class> <!-- testCases.TC003_VerifyLoginFunctionalityWithInvalidUserNameAndValidPassword -->
      <class name="testCases.TC002_VerifyLoginFunctionalityWithValidUserNamesAndInvalidPassword">
        <test-method is-config="true" signature="setup(java.lang.String)[pri:0, instance:testCases.TC002_VerifyLoginFunctionalityWithValidUserNamesAndInvalidPassword@79351f41]" started-at="2024-09-09T20:53:04 AEST" name="setup" finished-at="2024-09-09T20:53:07 AEST" duration-ms="2983" status="PASS">
          <params>
            <param index="0">
              <value>
                <![CDATA[chrome]]>
              </value>
            </param>
          </params>
          <reporter-output>
          </reporter-output>
        </test-method> <!-- setup -->
        <test-method signature="testLoginWithValidUserNamesAndInvalidPassword(java.lang.String,java.lang.String)[pri:0, instance:testCases.TC002_VerifyLoginFunctionalityWithValidUserNamesAndInvalidPassword@79351f41]" started-at="2024-09-09T20:53:07 AEST" name="testLoginWithValidUserNamesAndInvalidPassword" data-provider="LoginDataWithValidUsernameAndInvalidPassword" finished-at="2024-09-09T20:53:10 AEST" duration-ms="2687" status="PASS">
          <params>
            <param index="0">
              <value>
                <![CDATA[standard_user]]>
              </value>
            </param>
            <param index="1">
              <value>
                <![CDATA[sssecret_sauce]]>
              </value>
            </param>
          </params>
          <reporter-output>
          </reporter-output>
        </test-method> <!-- testLoginWithValidUserNamesAndInvalidPassword -->
        <test-method is-config="true" signature="tearDown()[pri:0, instance:testCases.TC002_VerifyLoginFunctionalityWithValidUserNamesAndInvalidPassword@79351f41]" started-at="2024-09-09T20:53:10 AEST" name="tearDown" finished-at="2024-09-09T20:53:11 AEST" duration-ms="733" status="PASS">
          <reporter-output>
          </reporter-output>
        </test-method> <!-- tearDown -->
      </class> <!-- testCases.TC002_VerifyLoginFunctionalityWithValidUserNamesAndInvalidPassword -->
      <class name="testCases.TC013_VerifyRemovingItemsAddedToCartForDifferentUsers">
        <test-method is-config="true" signature="setup(java.lang.String)[pri:0, instance:testCases.TC013_VerifyRemovingItemsAddedToCartForDifferentUsers@5cde6747]" started-at="2024-09-09T20:54:47 AEST" name="setup" finished-at="2024-09-09T20:54:50 AEST" duration-ms="2756" status="PASS">
          <params>
            <param index="0">
              <value>
                <![CDATA[chrome]]>
              </value>
            </param>
          </params>
          <reporter-output>
          </reporter-output>
        </test-method> <!-- setup -->
        <test-method signature="VerifyRemovingItemsAddedToCartForDifferentUsers(java.lang.String,java.lang.String)[pri:0, instance:testCases.TC013_VerifyRemovingItemsAddedToCartForDifferentUsers@5cde6747]" started-at="2024-09-09T20:54:50 AEST" name="VerifyRemovingItemsAddedToCartForDifferentUsers" data-provider="ImageTestUsers" finished-at="2024-09-09T20:55:02 AEST" duration-ms="11978" status="PASS">
          <params>
            <param index="0">
              <value>
                <![CDATA[standard_user]]>
              </value>
            </param>
            <param index="1">
              <value>
                <![CDATA[secret_sauce]]>
              </value>
            </param>
          </params>
          <reporter-output>
          </reporter-output>
        </test-method> <!-- VerifyRemovingItemsAddedToCartForDifferentUsers -->
        <test-method signature="VerifyRemovingItemsAddedToCartForDifferentUsers(java.lang.String,java.lang.String)[pri:0, instance:testCases.TC013_VerifyRemovingItemsAddedToCartForDifferentUsers@5cde6747]" started-at="2024-09-09T20:55:02 AEST" name="VerifyRemovingItemsAddedToCartForDifferentUsers" data-provider="ImageTestUsers" finished-at="2024-09-09T20:55:02 AEST" duration-ms="536" status="FAIL">
          <params>
            <param index="0">
              <value>
                <![CDATA[locked_out_user]]>
              </value>
            </param>
            <param index="1">
              <value>
                <![CDATA[secret_sauce]]>
              </value>
            </param>
          </params>
          <exception class="java.lang.AssertionError">
            <message>
              <![CDATA[Login failed! URL mismatch for user: locked_out_user expected [https://www.saucedemo.com/inventory.html] but found [https://www.saucedemo.com/]]]>
            </message>
            <full-stacktrace>
              <![CDATA[java.lang.AssertionError: Login failed! URL mismatch for user: locked_out_user expected [https://www.saucedemo.com/inventory.html] but found [https://www.saucedemo.com/]
at org.testng.Assert.fail(Assert.java:111)
at org.testng.Assert.failNotEquals(Assert.java:1578)
at org.testng.Assert.assertEqualsImpl(Assert.java:150)
at org.testng.Assert.assertEquals(Assert.java:132)
at org.testng.Assert.assertEquals(Assert.java:656)
at testCases.TC013_VerifyRemovingItemsAddedToCartForDifferentUsers.VerifyRemovingItemsAddedToCartForDifferentUsers(TC013_VerifyRemovingItemsAddedToCartForDifferentUsers.java:33)
at java.base/jdk.internal.reflect.NativeMethodAccessorImpl.invoke0(Native Method)
at java.base/jdk.internal.reflect.NativeMethodAccessorImpl.invoke(NativeMethodAccessorImpl.java:64)
at java.base/jdk.internal.reflect.DelegatingMethodAccessorImpl.invoke(DelegatingMethodAccessorImpl.java:43)
at java.base/java.lang.reflect.Method.invoke(Method.java:564)
at org.testng.internal.invokers.MethodInvocationHelper.invokeMethod(MethodInvocationHelper.java:139)
at org.testng.internal.invokers.TestInvoker.invokeMethod(TestInvoker.java:664)
at org.testng.internal.invokers.TestInvoker.invokeTestMethod(TestInvoker.java:227)
at org.testng.internal.invokers.MethodRunner.runInSequence(MethodRunner.java:50)
at org.testng.internal.invokers.TestInvoker$MethodInvocationAgent.invoke(TestInvoker.java:957)
at org.testng.internal.invokers.TestInvoker.invokeTestMethods(TestInvoker.java:200)
at org.testng.internal.invokers.TestMethodWorker.invokeTestMethods(TestMethodWorker.java:148)
at org.testng.internal.invokers.TestMethodWorker.run(TestMethodWorker.java:128)
at java.base/java.util.ArrayList.forEach(ArrayList.java:1511)
at org.testng.TestRunner.privateRun(TestRunner.java:848)
at org.testng.TestRunner.run(TestRunner.java:621)
at org.testng.SuiteRunner.runTest(SuiteRunner.java:443)
at org.testng.SuiteRunner.runSequentially(SuiteRunner.java:437)
at org.testng.SuiteRunner.privateRun(SuiteRunner.java:397)
at org.testng.SuiteRunner.run(SuiteRunner.java:336)
at org.testng.SuiteRunnerWorker.runSuite(SuiteRunnerWorker.java:52)
at org.testng.SuiteRunnerWorker.run(SuiteRunnerWorker.java:95)
at org.testng.TestNG.runSuitesSequentially(TestNG.java:1280)
at org.testng.TestNG.runSuitesLocally(TestNG.java:1200)
at org.testng.TestNG.runSuites(TestNG.java:1114)
at org.testng.TestNG.run(TestNG.java:1082)
at org.apache.maven.surefire.testng.TestNGExecutor.run(TestNGExecutor.java:308)
at org.apache.maven.surefire.testng.TestNGXmlTestSuite.execute(TestNGXmlTestSuite.java:71)
at org.apache.maven.surefire.testng.TestNGProvider.invoke(TestNGProvider.java:113)
at org.apache.maven.surefire.booter.ForkedBooter.runSuitesInProcess(ForkedBooter.java:385)
at org.apache.maven.surefire.booter.ForkedBooter.execute(ForkedBooter.java:162)
at org.apache.maven.surefire.booter.ForkedBooter.run(ForkedBooter.java:507)
at org.apache.maven.surefire.booter.ForkedBooter.main(ForkedBooter.java:495)
]]>
            </full-stacktrace>
          </exception> <!-- java.lang.AssertionError -->
          <reporter-output>
          </reporter-output>
        </test-method> <!-- VerifyRemovingItemsAddedToCartForDifferentUsers -->
        <test-method signature="VerifyRemovingItemsAddedToCartForDifferentUsers(java.lang.String,java.lang.String)[pri:0, instance:testCases.TC013_VerifyRemovingItemsAddedToCartForDifferentUsers@5cde6747]" started-at="2024-09-09T20:55:02 AEST" name="VerifyRemovingItemsAddedToCartForDifferentUsers" data-provider="ImageTestUsers" finished-at="2024-09-09T20:55:03 AEST" duration-ms="1069" status="FAIL">
          <params>
            <param index="0">
              <value>
                <![CDATA[problem_user]]>
              </value>
            </param>
            <param index="1">
              <value>
                <![CDATA[secret_sauce]]>
              </value>
            </param>
          </params>
          <exception class="java.lang.AssertionError">
            <message>
              <![CDATA[Unable to remove all items from cart for user problem_user expected [0] but found [3]]]>
            </message>
            <full-stacktrace>
              <![CDATA[java.lang.AssertionError: Unable to remove all items from cart for user problem_user expected [0] but found [3]
at org.testng.Assert.fail(Assert.java:111)
at org.testng.Assert.failNotEquals(Assert.java:1578)
at org.testng.Assert.assertEqualsImpl(Assert.java:150)
at org.testng.Assert.assertEquals(Assert.java:132)
at org.testng.Assert.assertEquals(Assert.java:1419)
at org.testng.Assert.assertEquals(Assert.java:1383)
at testCases.TC013_VerifyRemovingItemsAddedToCartForDifferentUsers.VerifyRemovingItemsAddedToCartForDifferentUsers(TC013_VerifyRemovingItemsAddedToCartForDifferentUsers.java:43)
at java.base/jdk.internal.reflect.NativeMethodAccessorImpl.invoke0(Native Method)
at java.base/jdk.internal.reflect.NativeMethodAccessorImpl.invoke(NativeMethodAccessorImpl.java:64)
at java.base/jdk.internal.reflect.DelegatingMethodAccessorImpl.invoke(DelegatingMethodAccessorImpl.java:43)
at java.base/java.lang.reflect.Method.invoke(Method.java:564)
at org.testng.internal.invokers.MethodInvocationHelper.invokeMethod(MethodInvocationHelper.java:139)
at org.testng.internal.invokers.TestInvoker.invokeMethod(TestInvoker.java:664)
at org.testng.internal.invokers.TestInvoker.invokeTestMethod(TestInvoker.java:227)
at org.testng.internal.invokers.MethodRunner.runInSequence(MethodRunner.java:50)
at org.testng.internal.invokers.TestInvoker$MethodInvocationAgent.invoke(TestInvoker.java:957)
at org.testng.internal.invokers.TestInvoker.invokeTestMethods(TestInvoker.java:200)
at org.testng.internal.invokers.TestMethodWorker.invokeTestMethods(TestMethodWorker.java:148)
at org.testng.internal.invokers.TestMethodWorker.run(TestMethodWorker.java:128)
at java.base/java.util.ArrayList.forEach(ArrayList.java:1511)
at org.testng.TestRunner.privateRun(TestRunner.java:848)
at org.testng.TestRunner.run(TestRunner.java:621)
at org.testng.SuiteRunner.runTest(SuiteRunner.java:443)
at org.testng.SuiteRunner.runSequentially(SuiteRunner.java:437)
at org.testng.SuiteRunner.privateRun(SuiteRunner.java:397)
at org.testng.SuiteRunner.run(SuiteRunner.java:336)
at org.testng.SuiteRunnerWorker.runSuite(SuiteRunnerWorker.java:52)
at org.testng.SuiteRunnerWorker.run(SuiteRunnerWorker.java:95)
at org.testng.TestNG.runSuitesSequentially(TestNG.java:1280)
at org.testng.TestNG.runSuitesLocally(TestNG.java:1200)
at org.testng.TestNG.runSuites(TestNG.java:1114)
at org.testng.TestNG.run(TestNG.java:1082)
at org.apache.maven.surefire.testng.TestNGExecutor.run(TestNGExecutor.java:308)
at org.apache.maven.surefire.testng.TestNGXmlTestSuite.execute(TestNGXmlTestSuite.java:71)
at org.apache.maven.surefire.testng.TestNGProvider.invoke(TestNGProvider.java:113)
at org.apache.maven.surefire.booter.ForkedBooter.runSuitesInProcess(ForkedBooter.java:385)
at org.apache.maven.surefire.booter.ForkedBooter.execute(ForkedBooter.java:162)
at org.apache.maven.surefire.booter.ForkedBooter.run(ForkedBooter.java:507)
at org.apache.maven.surefire.booter.ForkedBooter.main(ForkedBooter.java:495)
]]>
            </full-stacktrace>
          </exception> <!-- java.lang.AssertionError -->
          <reporter-output>
          </reporter-output>
        </test-method> <!-- VerifyRemovingItemsAddedToCartForDifferentUsers -->
        <test-method is-config="true" signature="tearDown()[pri:0, instance:testCases.TC013_VerifyRemovingItemsAddedToCartForDifferentUsers@5cde6747]" started-at="2024-09-09T20:55:04 AEST" name="tearDown" finished-at="2024-09-09T20:55:04 AEST" duration-ms="813" status="PASS">
          <reporter-output>
          </reporter-output>
        </test-method> <!-- tearDown -->
      </class> <!-- testCases.TC013_VerifyRemovingItemsAddedToCartForDifferentUsers -->
      <class name="testCases.TC001_VerifyLoginFunctionalityWithAcceptedUsernamesAndPassword">
        <test-method is-config="true" signature="setup(java.lang.String)[pri:0, instance:testCases.TC001_VerifyLoginFunctionalityWithAcceptedUsernamesAndPassword@6179e425]" started-at="2024-09-09T20:52:25 AEST" name="setup" finished-at="2024-09-09T20:52:29 AEST" duration-ms="4516" status="PASS">
          <params>
            <param index="0">
              <value>
                <![CDATA[chrome]]>
              </value>
            </param>
          </params>
          <reporter-output>
          </reporter-output>
        </test-method> <!-- setup -->
        <test-method signature="loginTestWithAcceptedUserNamesAndPassword(java.lang.String,java.lang.String)[pri:0, instance:testCases.TC001_VerifyLoginFunctionalityWithAcceptedUsernamesAndPassword@6179e425]" started-at="2024-09-09T20:52:31 AEST" name="loginTestWithAcceptedUserNamesAndPassword" data-provider="LoginDataWithAcceptedUsernameAndPassword" finished-at="2024-09-09T20:52:34 AEST" duration-ms="3252" status="PASS">
          <params>
            <param index="0">
              <value>
                <![CDATA[standard_user]]>
              </value>
            </param>
            <param index="1">
              <value>
                <![CDATA[secret_sauce]]>
              </value>
            </param>
          </params>
          <reporter-output>
          </reporter-output>
        </test-method> <!-- loginTestWithAcceptedUserNamesAndPassword -->
        <test-method signature="loginTestWithAcceptedUserNamesAndPassword(java.lang.String,java.lang.String)[pri:0, instance:testCases.TC001_VerifyLoginFunctionalityWithAcceptedUsernamesAndPassword@6179e425]" started-at="2024-09-09T20:52:34 AEST" name="loginTestWithAcceptedUserNamesAndPassword" data-provider="LoginDataWithAcceptedUsernameAndPassword" finished-at="2024-09-09T20:52:47 AEST" duration-ms="12873" status="FAIL">
          <params>
            <param index="0">
              <value>
                <![CDATA[locked_out_user]]>
              </value>
            </param>
            <param index="1">
              <value>
                <![CDATA[secret_sauce]]>
              </value>
            </param>
          </params>
          <exception class="java.lang.AssertionError">
            <message>
              <![CDATA[The following asserts failed:
Login failed! URL mismatch for user: locked_out_user expected [https://www.saucedemo.com/inventory.html] but found [https://www.saucedemo.com/],
Test encountered an exception for user: locked_out_user - no such element: Unable to locate element: {"method":"css selector","selector":"#react\-burger\-menu\-btn"}
  (Session info: chrome=128.0.6613.120)
For documentation on this error, please visit: https://www.selenium.dev/documentation/webdriver/troubleshooting/errors#no-such-element-exception
Build info: version: '4.20.0', revision: '866c76ca80'
System info: os.name: 'Windows 10', os.arch: 'amd64', os.version: '10.0', java.version: '15.0.2'
Driver info: org.openqa.selenium.chrome.ChromeDriver
Command: [a31f29a23562f8cf653dcda89fd39306, findElement {value=react-burger-menu-btn, using=id}]
Capabilities {acceptInsecureCerts: false, browserName: chrome, browserVersion: 128.0.6613.120, chrome: {chromedriverVersion: 128.0.6613.119 (6e439cfca4d..., userDataDir: C:\Users\61434\AppData\Loca...}, fedcm:accounts: true, goog:chromeOptions: {debuggerAddress: localhost:55543}, networkConnectionEnabled: false, pageLoadStrategy: normal, platformName: windows, proxy: Proxy(), se:cdp: ws://localhost:55543/devtoo..., se:cdpVersion: 128.0.6613.120, setWindowRect: true, strictFileInteractability: false, timeouts: {implicit: 0, pageLoad: 300000, script: 30000}, unhandledPromptBehavior: dismiss and notify, webauthn:extension:credBlob: true, webauthn:extension:largeBlob: true, webauthn:extension:minPinLength: true, webauthn:extension:prf: true, webauthn:virtualAuthenticators: true}
Session ID: a31f29a23562f8cf653dcda89fd39306]]>
            </message>
            <full-stacktrace>
              <![CDATA[java.lang.AssertionError: The following asserts failed:
Login failed! URL mismatch for user: locked_out_user expected [https://www.saucedemo.com/inventory.html] but found [https://www.saucedemo.com/],
Test encountered an exception for user: locked_out_user - no such element: Unable to locate element: {"method":"css selector","selector":"#react\-burger\-menu\-btn"}
  (Session info: chrome=128.0.6613.120)
For documentation on this error, please visit: https://www.selenium.dev/documentation/webdriver/troubleshooting/errors#no-such-element-exception
Build info: version: '4.20.0', revision: '866c76ca80'
System info: os.name: 'Windows 10', os.arch: 'amd64', os.version: '10.0', java.version: '15.0.2'
Driver info: org.openqa.selenium.chrome.ChromeDriver
Command: [a31f29a23562f8cf653dcda89fd39306, findElement {value=react-burger-menu-btn, using=id}]
Capabilities {acceptInsecureCerts: false, browserName: chrome, browserVersion: 128.0.6613.120, chrome: {chromedriverVersion: 128.0.6613.119 (6e439cfca4d..., userDataDir: C:\Users\61434\AppData\Loca...}, fedcm:accounts: true, goog:chromeOptions: {debuggerAddress: localhost:55543}, networkConnectionEnabled: false, pageLoadStrategy: normal, platformName: windows, proxy: Proxy(), se:cdp: ws://localhost:55543/devtoo..., se:cdpVersion: 128.0.6613.120, setWindowRect: true, strictFileInteractability: false, timeouts: {implicit: 0, pageLoad: 300000, script: 30000}, unhandledPromptBehavior: dismiss and notify, webauthn:extension:credBlob: true, webauthn:extension:largeBlob: true, webauthn:extension:minPinLength: true, webauthn:extension:prf: true, webauthn:virtualAuthenticators: true}
Session ID: a31f29a23562f8cf653dcda89fd39306
at org.testng.asserts.SoftAssert.assertAll(SoftAssert.java:46)
at org.testng.asserts.SoftAssert.assertAll(SoftAssert.java:30)
at testCases.TC001_VerifyLoginFunctionalityWithAcceptedUsernamesAndPassword.loginTestWithAcceptedUserNamesAndPassword(TC001_VerifyLoginFunctionalityWithAcceptedUsernamesAndPassword.java:78)
at java.base/jdk.internal.reflect.NativeMethodAccessorImpl.invoke0(Native Method)
at java.base/jdk.internal.reflect.NativeMethodAccessorImpl.invoke(NativeMethodAccessorImpl.java:64)
at java.base/jdk.internal.reflect.DelegatingMethodAccessorImpl.invoke(DelegatingMethodAccessorImpl.java:43)
at java.base/java.lang.reflect.Method.invoke(Method.java:564)
at org.testng.internal.invokers.MethodInvocationHelper.invokeMethod(MethodInvocationHelper.java:139)
at org.testng.internal.invokers.TestInvoker.invokeMethod(TestInvoker.java:664)
at org.testng.internal.invokers.TestInvoker.invokeTestMethod(TestInvoker.java:227)
at org.testng.internal.invokers.MethodRunner.runInSequence(MethodRunner.java:50)
at org.testng.internal.invokers.TestInvoker$MethodInvocationAgent.invoke(TestInvoker.java:957)
at org.testng.internal.invokers.TestInvoker.invokeTestMethods(TestInvoker.java:200)
at org.testng.internal.invokers.TestMethodWorker.invokeTestMethods(TestMethodWorker.java:148)
at org.testng.internal.invokers.TestMethodWorker.run(TestMethodWorker.java:128)
at java.base/java.util.ArrayList.forEach(ArrayList.java:1511)
at org.testng.TestRunner.privateRun(TestRunner.java:848)
at org.testng.TestRunner.run(TestRunner.java:621)
at org.testng.SuiteRunner.runTest(SuiteRunner.java:443)
at org.testng.SuiteRunner.runSequentially(SuiteRunner.java:437)
at org.testng.SuiteRunner.privateRun(SuiteRunner.java:397)
at org.testng.SuiteRunner.run(SuiteRunner.java:336)
at org.testng.SuiteRunnerWorker.runSuite(SuiteRunnerWorker.java:52)
at org.testng.SuiteRunnerWorker.run(SuiteRunnerWorker.java:95)
at org.testng.TestNG.runSuitesSequentially(TestNG.java:1280)
at org.testng.TestNG.runSuitesLocally(TestNG.java:1200)
at org.testng.TestNG.runSuites(TestNG.java:1114)
at org.testng.TestNG.run(TestNG.java:1082)
at org.apache.maven.surefire.testng.TestNGExecutor.run(TestNGExecutor.java:308)
at org.apache.maven.surefire.testng.TestNGXmlTestSuite.execute(TestNGXmlTestSuite.java:71)
at org.apache.maven.surefire.testng.TestNGProvider.invoke(TestNGProvider.java:113)
at org.apache.maven.surefire.booter.ForkedBooter.runSuitesInProcess(ForkedBooter.java:385)
at org.apache.maven.surefire.booter.ForkedBooter.execute(ForkedBooter.java:162)
at org.apache.maven.surefire.booter.ForkedBooter.run(ForkedBooter.java:507)
at org.apache.maven.surefire.booter.ForkedBooter.main(ForkedBooter.java:495)
]]>
            </full-stacktrace>
          </exception> <!-- java.lang.AssertionError -->
          <reporter-output>
          </reporter-output>
        </test-method> <!-- loginTestWithAcceptedUserNamesAndPassword -->
        <test-method signature="loginTestWithAcceptedUserNamesAndPassword(java.lang.String,java.lang.String)[pri:0, instance:testCases.TC001_VerifyLoginFunctionalityWithAcceptedUsernamesAndPassword@6179e425]" started-at="2024-09-09T20:52:47 AEST" name="loginTestWithAcceptedUserNamesAndPassword" data-provider="LoginDataWithAcceptedUsernameAndPassword" finished-at="2024-09-09T20:52:50 AEST" duration-ms="2898" status="PASS">
          <params>
            <param index="0">
              <value>
                <![CDATA[problem_user]]>
              </value>
            </param>
            <param index="1">
              <value>
                <![CDATA[secret_sauce]]>
              </value>
            </param>
          </params>
          <reporter-output>
          </reporter-output>
        </test-method> <!-- loginTestWithAcceptedUserNamesAndPassword -->
        <test-method signature="loginTestWithAcceptedUserNamesAndPassword(java.lang.String,java.lang.String)[pri:0, instance:testCases.TC001_VerifyLoginFunctionalityWithAcceptedUsernamesAndPassword@6179e425]" started-at="2024-09-09T20:52:50 AEST" name="loginTestWithAcceptedUserNamesAndPassword" data-provider="LoginDataWithAcceptedUsernameAndPassword" finished-at="2024-09-09T20:52:58 AEST" duration-ms="7765" status="PASS">
          <params>
            <param index="0">
              <value>
                <![CDATA[performance_glitch_user]]>
              </value>
            </param>
            <param index="1">
              <value>
                <![CDATA[secret_sauce]]>
              </value>
            </param>
          </params>
          <reporter-output>
          </reporter-output>
        </test-method> <!-- loginTestWithAcceptedUserNamesAndPassword -->
        <test-method signature="loginTestWithAcceptedUserNamesAndPassword(java.lang.String,java.lang.String)[pri:0, instance:testCases.TC001_VerifyLoginFunctionalityWithAcceptedUsernamesAndPassword@6179e425]" started-at="2024-09-09T20:52:58 AEST" name="loginTestWithAcceptedUserNamesAndPassword" data-provider="LoginDataWithAcceptedUsernameAndPassword" finished-at="2024-09-09T20:53:00 AEST" duration-ms="2724" status="PASS">
          <params>
            <param index="0">
              <value>
                <![CDATA[error_user]]>
              </value>
            </param>
            <param index="1">
              <value>
                <![CDATA[secret_sauce]]>
              </value>
            </param>
          </params>
          <reporter-output>
          </reporter-output>
        </test-method> <!-- loginTestWithAcceptedUserNamesAndPassword -->
        <test-method signature="loginTestWithAcceptedUserNamesAndPassword(java.lang.String,java.lang.String)[pri:0, instance:testCases.TC001_VerifyLoginFunctionalityWithAcceptedUsernamesAndPassword@6179e425]" started-at="2024-09-09T20:53:00 AEST" name="loginTestWithAcceptedUserNamesAndPassword" data-provider="LoginDataWithAcceptedUsernameAndPassword" finished-at="2024-09-09T20:53:03 AEST" duration-ms="2815" status="PASS">
          <params>
            <param index="0">
              <value>
                <![CDATA[visual_user]]>
              </value>
            </param>
            <param index="1">
              <value>
                <![CDATA[secret_sauce]]>
              </value>
            </param>
          </params>
          <reporter-output>
          </reporter-output>
        </test-method> <!-- loginTestWithAcceptedUserNamesAndPassword -->
        <test-method is-config="true" signature="tearDown()[pri:0, instance:testCases.TC001_VerifyLoginFunctionalityWithAcceptedUsernamesAndPassword@6179e425]" started-at="2024-09-09T20:53:03 AEST" name="tearDown" finished-at="2024-09-09T20:53:04 AEST" duration-ms="827" status="PASS">
          <reporter-output>
          </reporter-output>
        </test-method> <!-- tearDown -->
      </class> <!-- testCases.TC001_VerifyLoginFunctionalityWithAcceptedUsernamesAndPassword -->
    </test> <!-- chrometest -->
  </suite> <!-- Suite -->
</testng-results>
